HMP15/app/build/intermediates/manifest_merge_blame_file/debug/manifest-merger-blame-debug-report.txt
1<?xml version="1.0" encoding="utf-8"?>
2<manifest xmlns:android="http://schemas.android.com/apk/res/android"
3    package="com.example.project"
4    android:versionCode="1"
5    android:versionName="1.0" >
6
7    <uses-sdk
8        android:minSdkVersion="19"
8-->src\main\AndroidManifest.xml
9        android:targetSdkVersion="30" />
9-->src\main\AndroidManifest.xml
10
11    <uses-permission android:name="andoird.permission.READ_EXTERNAL_STORAGE" />
11-->src\main\AndroidManifest.xml:5:5-80
11-->src\main\AndroidManifest.xml:5:22-77
12    <uses-permission android:name="android.permission.INTERNET" />
12-->src\main\AndroidManifest.xml:6:5-67
12-->src\main\AndroidManifest.xml:6:22-64
13    <uses-permission android:name="android.permission.ACCESS_NETWORK_STATE" />
13-->src\main\AndroidManifest.xml:7:5-79
13-->src\main\AndroidManifest.xml:7:22-76
14    <uses-permission android:name="android.permission.FOREGROUND_SERVICE" />
14-->src\main\AndroidManifest.xml:8:5-77
14-->src\main\AndroidManifest.xml:8:22-74
15    <uses-permission android:name="com.google.android.c2dm.permission.RECEIVE" />
15-->src\main\AndroidManifest.xml:9:5-81
15-->src\main\AndroidManifest.xml:9:22-79
16    <uses-permission android:name="android.permission.WAKE_LOCK" />
16-->[com.google.firebase:firebase-messaging:23.0.4] AndroidManifest.xml:26:5-68
16-->[com.google.firebase:firebase-messaging:23.0.4] AndroidManifest.xml:26:22-65
17    <uses-permission android:name="com.google.android.finsky.permission.BIND_GET_INSTALL_REFERRER_SERVICE" />
17-->[com.google.android.gms:play-services-measurement:18.0.0] AndroidManifest.xml:26:5-110
17-->[com.google.android.gms:play-services-measurement:18.0.0] AndroidManifest.xml:26:22-107
18
19    <application
19-->src\main\AndroidManifest.xml:11:5-75:19
20        android:name="com.example.project.MyApplication"
20-->src\main\AndroidManifest.xml:12:9-38
21        android:allowBackup="true"
21-->src\main\AndroidManifest.xml:13:9-35
22        android:appComponentFactory="androidx.core.app.CoreComponentFactory"
22-->[androidx.core:core:1.5.0] AndroidManifest.xml:24:18-86
23        android:debuggable="true"
24        android:icon="@mipmap/ic_launcher"
24-->src\main\AndroidManifest.xml:14:9-43
25        android:label="@string/app_name"
25-->src\main\AndroidManifest.xml:15:9-41
26        android:requestLegacyExternalStorage="true"
26-->src\main\AndroidManifest.xml:16:9-52
27        android:roundIcon="@mipmap/ic_launcher_round"
27-->src\main\AndroidManifest.xml:17:9-54
28        android:supportsRtl="true"
28-->src\main\AndroidManifest.xml:18:9-35
29        android:testOnly="true"
30        android:theme="@style/Theme.AppCompat.Light.NoActionBar" >
30-->src\main\AndroidManifest.xml:19:9-65
31        <activity
31-->src\main\AndroidManifest.xml:21:9-23:58
32            android:name="com.example.project.AddActivity"
32-->src\main\AndroidManifest.xml:22:13-40
33            android:windowSoftInputMode="adjustResize" />
33-->src\main\AndroidManifest.xml:23:13-55
34        <activity
34-->src\main\AndroidManifest.xml:24:9-26:58
35            android:name="com.example.project.AddActivity2"
35-->src\main\AndroidManifest.xml:25:13-41
36            android:windowSoftInputMode="adjustResize" />
36-->src\main\AndroidManifest.xml:26:13-55
37        <activity android:name="com.example.project.AuthActivity" />
37-->src\main\AndroidManifest.xml:27:9-50
37-->src\main\AndroidManifest.xml:27:19-47
38        <activity
38-->src\main\AndroidManifest.xml:28:9-36:20
39            android:name="com.example.project.MainActivity"
39-->src\main\AndroidManifest.xml:29:13-41
40            android:exported="true" >
40-->src\main\AndroidManifest.xml:30:13-36
41            <intent-filter>
41-->src\main\AndroidManifest.xml:31:13-35:29
42                <action android:name="android.intent.action.MAIN" />
42-->src\main\AndroidManifest.xml:32:17-69
42-->src\main\AndroidManifest.xml:32:25-66
43
44                <category android:name="android.intent.category.LAUNCHER" />
44-->src\main\AndroidManifest.xml:34:17-77
44-->src\main\AndroidManifest.xml:34:27-74
45            </intent-filter>
46        </activity>
47        <!-- 추가 -->
48        <activity android:name="com.example.project.Board2Activity" />
48-->src\main\AndroidManifest.xml:38:9-51
48-->src\main\AndroidManifest.xml:38:19-49
49        <activity android:name="com.example.project.Board3Activity" />
49-->src\main\AndroidManifest.xml:39:9-51
49-->src\main\AndroidManifest.xml:39:19-49
50        <activity android:name="com.example.project.ChatMain" />
50-->src\main\AndroidManifest.xml:40:9-46
50-->src\main\AndroidManifest.xml:40:19-43
51        <activity android:name="com.example.project.DetailActivity" >
51-->src\main\AndroidManifest.xml:41:9-44:20
51-->src\main\AndroidManifest.xml:41:19-49
52            <meta-data
52-->src\main\AndroidManifest.xml:42:13-43:51
53                android:name="android.support.PARENT_ACTIVITY"
53-->src\main\AndroidManifest.xml:42:24-70
54                android:value=".Board3Activity" />
54-->src\main\AndroidManifest.xml:43:17-48
55        </activity>
56        <activity android:name="com.example.project.ToolbarBase" />
56-->src\main\AndroidManifest.xml:45:9-48
56-->src\main\AndroidManifest.xml:45:19-46
57
58        <service
58-->src\main\AndroidManifest.xml:48:9-55:19
59            android:name="com.example.project.FirebaseMessagingServiceUtil"
59-->src\main\AndroidManifest.xml:49:13-57
60            android:permission="com.google.android.c2dm.permission.SEND" >
60-->src\main\AndroidManifest.xml:50:13-73
61            <intent-filter>
61-->src\main\AndroidManifest.xml:51:13-54:29
62                <action android:name="com.google.firebase.MESSAGING_EVENT" />
62-->src\main\AndroidManifest.xml:52:17-78
62-->src\main\AndroidManifest.xml:52:25-75
63                <action android:name="com.google.android.c2dm.intent.RECEIVE" />
63-->src\main\AndroidManifest.xml:53:17-80
63-->src\main\AndroidManifest.xml:53:25-78
64            </intent-filter>
65        </service>
66        <service
66-->src\main\AndroidManifest.xml:58:9-74:19
67            android:name="com.google.firebase.components.ComponentDiscoveryService"
67-->src\main\AndroidManifest.xml:58:18-89
68            android:directBootAware="true"
68-->[com.google.firebase:firebase-common:20.1.1] AndroidManifest.xml:35:13-43
69            android:exported="false" >
69-->[com.google.firebase:firebase-database-ktx:20.0.5] AndroidManifest.xml:14:13-37
70            <meta-data
70-->src\main\AndroidManifest.xml:59:13-61:85
71                android:name="com.google.firebase.components:com.google.firebase.analytics.connector.internal.AnalyticsConnectorRegistrar"
71-->src\main\AndroidManifest.xml:60:17-139
72                android:value="com.google.firebase.components.ComponentRegistrar" />
72-->src\main\AndroidManifest.xml:61:17-82
73            <meta-data
73-->src\main\AndroidManifest.xml:62:13-64:84
74                android:name="com.google.firebase.components:com.google.firebase.firestore.FirestoreRegistrar"
74-->src\main\AndroidManifest.xml:63:17-111
75                android:value="com.google.firebase.components.ComponentRegistrar" />
75-->src\main\AndroidManifest.xml:64:17-82
76            <meta-data
76-->src\main\AndroidManifest.xml:65:13-67:85
77                android:name="com.google.firebase.components:com.google.firebase.iid.Registrar"
77-->src\main\AndroidManifest.xml:66:17-96
78                android:value="com.google.firebase.components.ComponentRegistrar" />
78-->src\main\AndroidManifest.xml:67:17-82
79            <meta-data
79-->src\main\AndroidManifest.xml:68:13-70:85
80                android:name="com.google.firebase.components:com.google.firebase.auth.FirebaseAuthRegistrar"
80-->src\main\AndroidManifest.xml:69:17-109
81                android:value="com.google.firebase.components.ComponentRegistrar" />
81-->src\main\AndroidManifest.xml:70:17-82
82            <meta-data
82-->src\main\AndroidManifest.xml:71:13-73:84
83                android:name="com.google.firebase.components:com.google.firebase.database.DatabaseRegistrar"
83-->src\main\AndroidManifest.xml:72:17-109
84                android:value="com.google.firebase.components.ComponentRegistrar" />
84-->src\main\AndroidManifest.xml:73:17-82
85            <meta-data
85-->[com.google.firebase:firebase-database-ktx:20.0.5] AndroidManifest.xml:15:13-17:85
86                android:name="com.google.firebase.components:com.google.firebase.database.ktx.FirebaseDatabaseKtxRegistrar"
86-->[com.google.firebase:firebase-database-ktx:20.0.5] AndroidManifest.xml:16:17-124
87                android:value="com.google.firebase.components.ComponentRegistrar" />
87-->[com.google.firebase:firebase-database-ktx:20.0.5] AndroidManifest.xml:17:17-82
88            <meta-data
88-->[com.google.firebase:firebase-auth-ktx:20.0.1] AndroidManifest.xml:11:13-13:85
89                android:name="com.google.firebase.components:com.google.firebase.auth.ktx.FirebaseAuthKtxRegistrar"
89-->[com.google.firebase:firebase-auth-ktx:20.0.1] AndroidManifest.xml:12:17-116
90                android:value="com.google.firebase.components.ComponentRegistrar" />
90-->[com.google.firebase:firebase-auth-ktx:20.0.1] AndroidManifest.xml:13:17-82
91            <meta-data
91-->[com.google.firebase:firebase-firestore-ktx:22.0.0] AndroidManifest.xml:15:13-17:85
92                android:name="com.google.firebase.components:com.google.firebase.firestore.ktx.FirebaseFirestoreKtxRegistrar"
92-->[com.google.firebase:firebase-firestore-ktx:22.0.0] AndroidManifest.xml:16:17-126
93                android:value="com.google.firebase.components.ComponentRegistrar" />
93-->[com.google.firebase:firebase-firestore-ktx:22.0.0] AndroidManifest.xml:17:17-82
94            <meta-data
94-->[com.google.firebase:firebase-storage-ktx:19.2.0] AndroidManifest.xml:15:13-17:85
95                android:name="com.google.firebase.components:com.google.firebase.storage.ktx.FirebaseStorageKtxRegistrar"
95-->[com.google.firebase:firebase-storage-ktx:19.2.0] AndroidManifest.xml:16:17-122
96                android:value="com.google.firebase.components.ComponentRegistrar" />
96-->[com.google.firebase:firebase-storage-ktx:19.2.0] AndroidManifest.xml:17:17-82
97            <meta-data
97-->[com.google.firebase:firebase-messaging-ktx:21.0.0] AndroidManifest.xml:29:13-31:85
98                android:name="com.google.firebase.components:com.google.firebase.messaging.ktx.FirebaseMessagingKtxRegistrar"
98-->[com.google.firebase:firebase-messaging-ktx:21.0.0] AndroidManifest.xml:30:17-126
99                android:value="com.google.firebase.components.ComponentRegistrar" />
99-->[com.google.firebase:firebase-messaging-ktx:21.0.0] AndroidManifest.xml:31:17-82
100            <meta-data
100-->[com.google.firebase:firebase-analytics-ktx:18.0.0] AndroidManifest.xml:11:13-13:85
101                android:name="com.google.firebase.components:com.google.firebase.analytics.ktx.FirebaseAnalyticsKtxRegistrar"
101-->[com.google.firebase:firebase-analytics-ktx:18.0.0] AndroidManifest.xml:12:17-126
102                android:value="com.google.firebase.components.ComponentRegistrar" />
102-->[com.google.firebase:firebase-analytics-ktx:18.0.0] AndroidManifest.xml:13:17-82
103            <meta-data
103-->[com.google.firebase:firebase-messaging:23.0.4] AndroidManifest.xml:55:13-57:85
104                android:name="com.google.firebase.components:com.google.firebase.messaging.FirebaseMessagingRegistrar"
104-->[com.google.firebase:firebase-messaging:23.0.4] AndroidManifest.xml:56:17-119
105                android:value="com.google.firebase.components.ComponentRegistrar" />
105-->[com.google.firebase:firebase-messaging:23.0.4] AndroidManifest.xml:57:17-82
106            <meta-data
106-->[com.google.firebase:firebase-datatransport:18.1.3] AndroidManifest.xml:28:13-30:85
107                android:name="com.google.firebase.components:com.google.firebase.datatransport.TransportRegistrar"
107-->[com.google.firebase:firebase-datatransport:18.1.3] AndroidManifest.xml:29:17-115
108                android:value="com.google.firebase.components.ComponentRegistrar" />
108-->[com.google.firebase:firebase-datatransport:18.1.3] AndroidManifest.xml:30:17-82
109            <meta-data
109-->[com.google.firebase:firebase-common-ktx:20.1.1] AndroidManifest.xml:15:13-17:85
110                android:name="com.google.firebase.components:com.google.firebase.ktx.FirebaseCommonKtxRegistrar"
110-->[com.google.firebase:firebase-common-ktx:20.1.1] AndroidManifest.xml:16:17-113
111                android:value="com.google.firebase.components.ComponentRegistrar" />
111-->[com.google.firebase:firebase-common-ktx:20.1.1] AndroidManifest.xml:17:17-82
112            <meta-data
112-->[com.google.firebase:firebase-storage:19.2.0] AndroidManifest.xml:33:13-35:85
113                android:name="com.google.firebase.components:com.google.firebase.storage.StorageRegistrar"
113-->[com.google.firebase:firebase-storage:19.2.0] AndroidManifest.xml:34:17-107
114                android:value="com.google.firebase.components.ComponentRegistrar" />
114-->[com.google.firebase:firebase-storage:19.2.0] AndroidManifest.xml:35:17-82
115            <meta-data
115-->[com.google.firebase:firebase-installations:17.0.1] AndroidManifest.xml:18:13-20:85
116                android:name="com.google.firebase.components:com.google.firebase.installations.FirebaseInstallationsRegistrar"
116-->[com.google.firebase:firebase-installations:17.0.1] AndroidManifest.xml:19:17-127
117                android:value="com.google.firebase.components.ComponentRegistrar" />
117-->[com.google.firebase:firebase-installations:17.0.1] AndroidManifest.xml:20:17-82
118        </service>
119
120        <activity
120-->[com.google.android.gms:play-services-auth:18.1.0] AndroidManifest.xml:23:9-27:75
121            android:name="com.google.android.gms.auth.api.signin.internal.SignInHubActivity"
121-->[com.google.android.gms:play-services-auth:18.1.0] AndroidManifest.xml:24:13-93
122            android:excludeFromRecents="true"
122-->[com.google.android.gms:play-services-auth:18.1.0] AndroidManifest.xml:25:13-46
123            android:exported="false"
123-->[com.google.android.gms:play-services-auth:18.1.0] AndroidManifest.xml:26:13-37
124            android:theme="@android:style/Theme.Translucent.NoTitleBar" />
124-->[com.google.android.gms:play-services-auth:18.1.0] AndroidManifest.xml:27:13-72
125        <!--
126            Service handling Google Sign-In user revocation. For apps that do not integrate with
127            Google Sign-In, this service will never be started.
128        -->
129        <service
129-->[com.google.android.gms:play-services-auth:18.1.0] AndroidManifest.xml:33:9-37:51
130            android:name="com.google.android.gms.auth.api.signin.RevocationBoundService"
130-->[com.google.android.gms:play-services-auth:18.1.0] AndroidManifest.xml:34:13-89
131            android:exported="true"
131-->[com.google.android.gms:play-services-auth:18.1.0] AndroidManifest.xml:35:13-36
132            android:permission="com.google.android.gms.auth.api.signin.permission.REVOCATION_NOTIFICATION"
132-->[com.google.android.gms:play-services-auth:18.1.0] AndroidManifest.xml:36:13-107
133            android:visibleToInstantApps="true" />
133-->[com.google.android.gms:play-services-auth:18.1.0] AndroidManifest.xml:37:13-48
134
135        <receiver
135-->[com.google.firebase:firebase-messaging:23.0.4] AndroidManifest.xml:31:9-38:20
136            android:name="com.google.firebase.iid.FirebaseInstanceIdReceiver"
136-->[com.google.firebase:firebase-messaging:23.0.4] AndroidManifest.xml:32:13-78
137            android:exported="true"
137-->[com.google.firebase:firebase-messaging:23.0.4] AndroidManifest.xml:33:13-36
138            android:permission="com.google.android.c2dm.permission.SEND" >
138-->[com.google.firebase:firebase-messaging:23.0.4] AndroidManifest.xml:34:13-73
139            <intent-filter>
139-->[com.google.firebase:firebase-messaging:23.0.4] AndroidManifest.xml:35:13-37:29
140                <action android:name="com.google.android.c2dm.intent.RECEIVE" />
140-->src\main\AndroidManifest.xml:53:17-80
140-->src\main\AndroidManifest.xml:53:25-78
141            </intent-filter>
142        </receiver>
143        <!--
144             FirebaseMessagingService performs security checks at runtime,
145             but set to not exported to explicitly avoid allowing another app to call it.
146        -->
147        <service
147-->[com.google.firebase:firebase-messaging:23.0.4] AndroidManifest.xml:44:9-51:19
148            android:name="com.google.firebase.messaging.FirebaseMessagingService"
148-->[com.google.firebase:firebase-messaging:23.0.4] AndroidManifest.xml:45:13-82
149            android:directBootAware="true"
149-->[com.google.firebase:firebase-messaging:23.0.4] AndroidManifest.xml:46:13-43
150            android:exported="false" >
150-->[com.google.firebase:firebase-messaging:23.0.4] AndroidManifest.xml:47:13-37
151            <intent-filter android:priority="-500" >
151-->[com.google.firebase:firebase-messaging:23.0.4] AndroidManifest.xml:48:13-50:29
151-->[com.google.firebase:firebase-messaging:23.0.4] AndroidManifest.xml:48:28-51
152                <action android:name="com.google.firebase.MESSAGING_EVENT" />
152-->src\main\AndroidManifest.xml:52:17-78
152-->src\main\AndroidManifest.xml:52:25-75
153            </intent-filter>
154        </service>
155        <service
155-->[com.google.android.datatransport:transport-backend-cct:3.1.4] AndroidManifest.xml:29:9-35:19
156            android:name="com.google.android.datatransport.runtime.backends.TransportBackendDiscovery"
156-->[com.google.android.datatransport:transport-backend-cct:3.1.4] AndroidManifest.xml:30:13-103
157            android:exported="false" >
157-->[com.google.android.datatransport:transport-backend-cct:3.1.4] AndroidManifest.xml:31:13-37
158            <meta-data
158-->[com.google.android.datatransport:transport-backend-cct:3.1.4] AndroidManifest.xml:32:13-34:39
159                android:name="backend:com.google.android.datatransport.cct.CctBackendFactory"
159-->[com.google.android.datatransport:transport-backend-cct:3.1.4] AndroidManifest.xml:33:17-94
160                android:value="cct" />
160-->[com.google.android.datatransport:transport-backend-cct:3.1.4] AndroidManifest.xml:34:17-36
161        </service>
162        <service
162-->[com.google.android.datatransport:transport-runtime:3.1.4] AndroidManifest.xml:26:9-30:19
163            android:name="com.google.android.datatransport.runtime.scheduling.jobscheduling.JobInfoSchedulerService"
163-->[com.google.android.datatransport:transport-runtime:3.1.4] AndroidManifest.xml:27:13-117
164            android:exported="false"
164-->[com.google.android.datatransport:transport-runtime:3.1.4] AndroidManifest.xml:28:13-37
165            android:permission="android.permission.BIND_JOB_SERVICE" >
165-->[com.google.android.datatransport:transport-runtime:3.1.4] AndroidManifest.xml:29:13-69
166        </service>
167
168        <receiver
168-->[com.google.android.datatransport:transport-runtime:3.1.4] AndroidManifest.xml:32:9-34:40
169            android:name="com.google.android.datatransport.runtime.scheduling.jobscheduling.AlarmManagerSchedulerBroadcastReceiver"
169-->[com.google.android.datatransport:transport-runtime:3.1.4] AndroidManifest.xml:33:13-132
170            android:exported="false" />
170-->[com.google.android.datatransport:transport-runtime:3.1.4] AndroidManifest.xml:34:13-37
171
172        <activity
172-->[com.google.firebase:firebase-auth:20.0.1] AndroidManifest.xml:27:9-44:20
173            android:name="com.google.firebase.auth.internal.GenericIdpActivity"
173-->[com.google.firebase:firebase-auth:20.0.1] AndroidManifest.xml:28:13-80
174            android:excludeFromRecents="true"
174-->[com.google.firebase:firebase-auth:20.0.1] AndroidManifest.xml:29:13-46
175            android:exported="true"
175-->[com.google.firebase:firebase-auth:20.0.1] AndroidManifest.xml:30:13-36
176            android:launchMode="singleTask"
176-->[com.google.firebase:firebase-auth:20.0.1] AndroidManifest.xml:31:13-44
177            android:theme="@android:style/Theme.Translucent.NoTitleBar" >
177-->[com.google.firebase:firebase-auth:20.0.1] AndroidManifest.xml:32:13-72
178            <intent-filter>
178-->[com.google.firebase:firebase-auth:20.0.1] AndroidManifest.xml:33:13-43:29
179                <action android:name="android.intent.action.VIEW" />
179-->[com.google.firebase:firebase-auth:20.0.1] AndroidManifest.xml:34:17-69
179-->[com.google.firebase:firebase-auth:20.0.1] AndroidManifest.xml:34:25-66
180
181                <category android:name="android.intent.category.DEFAULT" />
181-->[com.google.firebase:firebase-auth:20.0.1] AndroidManifest.xml:36:17-76
181-->[com.google.firebase:firebase-auth:20.0.1] AndroidManifest.xml:36:27-73
182                <category android:name="android.intent.category.BROWSABLE" />
182-->[com.google.firebase:firebase-auth:20.0.1] AndroidManifest.xml:37:17-78
182-->[com.google.firebase:firebase-auth:20.0.1] AndroidManifest.xml:37:27-75
183
184                <data
184-->[com.google.firebase:firebase-auth:20.0.1] AndroidManifest.xml:39:17-42:51
185                    android:host="firebase.auth"
185-->[com.google.firebase:firebase-auth:20.0.1] AndroidManifest.xml:40:21-49
186                    android:path="/"
186-->[com.google.firebase:firebase-auth:20.0.1] AndroidManifest.xml:41:21-37
187                    android:scheme="genericidp" />
187-->[com.google.firebase:firebase-auth:20.0.1] AndroidManifest.xml:42:21-48
188            </intent-filter>
189        </activity>
190        <activity
190-->[com.google.firebase:firebase-auth:20.0.1] AndroidManifest.xml:45:9-62:20
191            android:name="com.google.firebase.auth.internal.RecaptchaActivity"
191-->[com.google.firebase:firebase-auth:20.0.1] AndroidManifest.xml:46:13-79
192            android:excludeFromRecents="true"
192-->[com.google.firebase:firebase-auth:20.0.1] AndroidManifest.xml:47:13-46
193            android:exported="true"
193-->[com.google.firebase:firebase-auth:20.0.1] AndroidManifest.xml:48:13-36
194            android:launchMode="singleTask"
194-->[com.google.firebase:firebase-auth:20.0.1] AndroidManifest.xml:49:13-44
195            android:theme="@android:style/Theme.Translucent.NoTitleBar" >
195-->[com.google.firebase:firebase-auth:20.0.1] AndroidManifest.xml:50:13-72
196            <intent-filter>
196-->[com.google.firebase:firebase-auth:20.0.1] AndroidManifest.xml:51:13-61:29
197                <action android:name="android.intent.action.VIEW" />
197-->[com.google.firebase:firebase-auth:20.0.1] AndroidManifest.xml:34:17-69
197-->[com.google.firebase:firebase-auth:20.0.1] AndroidManifest.xml:34:25-66
198
199                <category android:name="android.intent.category.DEFAULT" />
199-->[com.google.firebase:firebase-auth:20.0.1] AndroidManifest.xml:36:17-76
199-->[com.google.firebase:firebase-auth:20.0.1] AndroidManifest.xml:36:27-73
200                <category android:name="android.intent.category.BROWSABLE" />
200-->[com.google.firebase:firebase-auth:20.0.1] AndroidManifest.xml:37:17-78
200-->[com.google.firebase:firebase-auth:20.0.1] AndroidManifest.xml:37:27-75
201
202                <data
202-->[com.google.firebase:firebase-auth:20.0.1] AndroidManifest.xml:39:17-42:51
203                    android:host="firebase.auth"
203-->[com.google.firebase:firebase-auth:20.0.1] AndroidManifest.xml:40:21-49
204                    android:path="/"
204-->[com.google.firebase:firebase-auth:20.0.1] AndroidManifest.xml:41:21-37
205                    android:scheme="recaptcha" />
205-->[com.google.firebase:firebase-auth:20.0.1] AndroidManifest.xml:42:21-48
206            </intent-filter>
207        </activity>
208
209        <service
209-->[com.google.firebase:firebase-auth:20.0.1] AndroidManifest.xml:64:9-73:19
210            android:name="com.google.firebase.auth.api.fallback.service.FirebaseAuthFallbackService"
210-->[com.google.firebase:firebase-auth:20.0.1] AndroidManifest.xml:65:13-101
211            android:enabled="true"
211-->[com.google.firebase:firebase-auth:20.0.1] AndroidManifest.xml:66:13-35
212            android:exported="false" >
212-->[com.google.firebase:firebase-auth:20.0.1] AndroidManifest.xml:67:13-37
213            <intent-filter>
213-->[com.google.firebase:firebase-auth:20.0.1] AndroidManifest.xml:68:13-72:29
214                <action android:name="com.google.firebase.auth.api.gms.service.START" />
214-->[com.google.firebase:firebase-auth:20.0.1] AndroidManifest.xml:69:17-89
214-->[com.google.firebase:firebase-auth:20.0.1] AndroidManifest.xml:69:25-86
215
216                <category android:name="android.intent.category.DEFAULT" />
216-->[com.google.firebase:firebase-auth:20.0.1] AndroidManifest.xml:36:17-76
216-->[com.google.firebase:firebase-auth:20.0.1] AndroidManifest.xml:36:27-73
217            </intent-filter>
218        </service>
219
220        <provider
220-->[com.google.firebase:firebase-common:20.1.1] AndroidManifest.xml:26:9-31:39
221            android:name="com.google.firebase.provider.FirebaseInitProvider"
221-->[com.google.firebase:firebase-common:20.1.1] AndroidManifest.xml:27:13-77
222            android:authorities="com.example.project.firebaseinitprovider"
222-->[com.google.firebase:firebase-common:20.1.1] AndroidManifest.xml:28:13-72
223            android:directBootAware="true"
223-->[com.google.firebase:firebase-common:20.1.1] AndroidManifest.xml:29:13-43
224            android:exported="false"
224-->[com.google.firebase:firebase-common:20.1.1] AndroidManifest.xml:30:13-37
225            android:initOrder="100" />
225-->[com.google.firebase:firebase-common:20.1.1] AndroidManifest.xml:31:13-36
226
227        <activity
227-->[com.google.android.gms:play-services-base:18.0.1] AndroidManifest.xml:20:9-22:45
228            android:name="com.google.android.gms.common.api.GoogleApiActivity"
228-->[com.google.android.gms:play-services-base:18.0.1] AndroidManifest.xml:20:19-85
229            android:exported="false"
229-->[com.google.android.gms:play-services-base:18.0.1] AndroidManifest.xml:22:19-43
230            android:theme="@android:style/Theme.Translucent.NoTitleBar" />
230-->[com.google.android.gms:play-services-base:18.0.1] AndroidManifest.xml:21:19-78
231
232        <receiver
232-->[com.google.android.gms:play-services-measurement:18.0.0] AndroidManifest.xml:29:9-33:20
233            android:name="com.google.android.gms.measurement.AppMeasurementReceiver"
233-->[com.google.android.gms:play-services-measurement:18.0.0] AndroidManifest.xml:30:13-85
234            android:enabled="true"
234-->[com.google.android.gms:play-services-measurement:18.0.0] AndroidManifest.xml:31:13-35
235            android:exported="false" >
235-->[com.google.android.gms:play-services-measurement:18.0.0] AndroidManifest.xml:32:13-37
236        </receiver>
237
238        <service
238-->[com.google.android.gms:play-services-measurement:18.0.0] AndroidManifest.xml:35:9-38:40
239            android:name="com.google.android.gms.measurement.AppMeasurementService"
239-->[com.google.android.gms:play-services-measurement:18.0.0] AndroidManifest.xml:36:13-84
240            android:enabled="true"
240-->[com.google.android.gms:play-services-measurement:18.0.0] AndroidManifest.xml:37:13-35
241            android:exported="false" />
241-->[com.google.android.gms:play-services-measurement:18.0.0] AndroidManifest.xml:38:13-37
242        <service
242-->[com.google.android.gms:play-services-measurement:18.0.0] AndroidManifest.xml:39:9-43:72
243            android:name="com.google.android.gms.measurement.AppMeasurementJobService"
243-->[com.google.android.gms:play-services-measurement:18.0.0] AndroidManifest.xml:40:13-87
244            android:enabled="true"
244-->[com.google.android.gms:play-services-measurement:18.0.0] AndroidManifest.xml:41:13-35
245            android:exported="false"
245-->[com.google.android.gms:play-services-measurement:18.0.0] AndroidManifest.xml:42:13-37
246            android:permission="android.permission.BIND_JOB_SERVICE" />
246-->[com.google.android.gms:play-services-measurement:18.0.0] AndroidManifest.xml:43:13-69
247
248        <meta-data
248-->[com.google.android.gms:play-services-basement:18.0.0] AndroidManifest.xml:21:9-23:69
249            android:name="com.google.android.gms.version"
249-->[com.google.android.gms:play-services-basement:18.0.0] AndroidManifest.xml:22:13-58
250            android:value="@integer/google_play_services_version" />
250-->[com.google.android.gms:play-services-basement:18.0.0] AndroidManifest.xml:23:13-66
251    </application>
252
253</manifest>